<?xml version="1.0" encoding="UTF-8"?>
<!-- Generated by org.testng.reporters.JUnitReportReporter -->
<testsuite skipped="1" hostname="DESKTOP-G6NC4VT" name="org.test.Test1" tests="2" failures="0" timestamp="24 Feb 2022 19:01:13 GMT" time="65.581" errors="0">
  <testcase name="tc1" time="65.581" classname="org.test.Test1"/>
  <testcase name="tc" classname="org.test.Test1">
    <skipped/>
  </testcase> <!-- tc -->
</testsuite> <!-- org.test.Test1 -->
