<?xml version="1.0" encoding="UTF-8"?>
<!-- Generated by org.testng.reporters.JUnitReportReporter -->
<testsuite skipped="0" hostname="DESKTOP-G6NC4VT" name="org.test.Test" tests="4" failures="0" timestamp="22 Feb 2022 16:13:31 GMT" time="61.693" errors="0">
  <testcase name="login" time="13.208" classname="org.test.Test"/>
  <testcase name="login" time="14.446" classname="org.test.Test"/>
  <testcase name="login" time="17.418" classname="org.test.Test"/>
  <testcase name="customerFrontEnd" time="16.621" classname="org.test.Test"/>
</testsuite> <!-- org.test.Test -->
